<?xml version="1.0" encoding="UTF-8"?>
<!-- Generated by org.testng.reporters.JUnitReportReporter -->
<testsuite hostname="DESKTOP-2KHUB4D" name="CucumberRunner.Runner" tests="1" failures="0" timestamp="3 Mar 2019 07:43:16 GMT" time="35.992" errors="0">
  <testcase name="feature" time="35.992" classname="CucumberRunner.Runner"/>
</testsuite> <!-- CucumberRunner.Runner -->
